[none] [2023-06-05 11:35:47.299] [restartedMain] INFO  com.yintech.job.JobStarter.logStarting:55 Starting JobStarter using Java 1.8.0_291 on TSJ-006490 with PID 64900 (E:\card\card_charge_java-master\card-recharge-job\target\classes started by yapeng.zhao in E:\card)
[none] [2023-06-05 11:35:47.305] [restartedMain] INFO  com.yintech.job.JobStarter.logStartupProfileInfo:645 No active profile set, falling back to 1 default profile: "default"
[none] [2023-06-05 11:35:47.818] [restartedMain] INFO  o.s.b.d.e.DevToolsPropertyDefaultsPostProcessor.logTo:255 Devtools property defaults active! Set 'spring.devtools.add-properties' to 'false' to disable
[none] [2023-06-05 11:35:47.819] [restartedMain] INFO  o.s.b.d.e.DevToolsPropertyDefaultsPostProcessor.logTo:255 For additional web related logging consider setting the 'logging.level.web' property to 'DEBUG'
[none] [2023-06-05 11:35:50.536] [restartedMain] INFO  o.s.b.w.e.tomcat.TomcatWebServer.initialize:108 Tomcat initialized with port(s): 8080 (http)
[none] [2023-06-05 11:35:50.558] [restartedMain] INFO  o.a.coyote.http11.Http11NioProtocol.log:173 Initializing ProtocolHandler ["http-nio-8080"]
[none] [2023-06-05 11:35:50.559] [restartedMain] INFO  o.a.catalina.core.StandardService.log:173 Starting service [Tomcat]
[none] [2023-06-05 11:35:50.559] [restartedMain] INFO  o.a.catalina.core.StandardEngine.log:173 Starting Servlet engine: [Apache Tomcat/9.0.65]
[none] [2023-06-05 11:35:50.772] [restartedMain] INFO  o.a.c.c.C.[Tomcat].[localhost].[/].log:173 Initializing Spring embedded WebApplicationContext
[none] [2023-06-05 11:35:50.773] [restartedMain] INFO  o.s.b.w.s.c.ServletWebServerApplicationContext.prepareWebApplicationContext:290 Root WebApplicationContext: initialization completed in 2953 ms
[none] [2023-06-05 11:35:50.853] [restartedMain] WARN  o.s.b.w.s.c.AnnotationConfigServletWebServerApplicationContext.refresh:591 Exception encountered during context initialization - cancelling refresh attempt: org.springframework.beans.factory.BeanCreationException: Error creating bean with name 'xxlJobConfig': Injection of autowired dependencies failed; nested exception is java.lang.IllegalArgumentException: Could not resolve placeholder 'xxl.job.admin.addresses' in value "${xxl.job.admin.addresses}"
[none] [2023-06-05 11:35:50.857] [restartedMain] INFO  o.a.catalina.core.StandardService.log:173 Stopping service [Tomcat]
[none] [2023-06-05 11:35:50.871] [restartedMain] INFO  o.s.b.a.l.ConditionEvaluationReportLoggingListener.logMessage:136 

Error starting ApplicationContext. To display the conditions report re-run your application with 'debug' enabled.
[none] [2023-06-05 11:35:50.962] [restartedMain] ERROR o.s.boot.SpringApplication.reportFailure:835 Application run failed
org.springframework.beans.factory.BeanCreationException: Error creating bean with name 'xxlJobConfig': Injection of autowired dependencies failed; nested exception is java.lang.IllegalArgumentException: Could not resolve placeholder 'xxl.job.admin.addresses' in value "${xxl.job.admin.addresses}"
	at org.springframework.beans.factory.annotation.AutowiredAnnotationBeanPostProcessor.postProcessProperties(AutowiredAnnotationBeanPostProcessor.java:405)
	at org.springframework.beans.factory.support.AbstractAutowireCapableBeanFactory.populateBean(AbstractAutowireCapableBeanFactory.java:1431)
	at org.springframework.beans.factory.support.AbstractAutowireCapableBeanFactory.doCreateBean(AbstractAutowireCapableBeanFactory.java:619)
	at org.springframework.beans.factory.support.AbstractAutowireCapableBeanFactory.createBean(AbstractAutowireCapableBeanFactory.java:542)
	at org.springframework.beans.factory.support.AbstractBeanFactory.lambda$doGetBean$0(AbstractBeanFactory.java:335)
	at org.springframework.beans.factory.support.DefaultSingletonBeanRegistry.getSingleton(DefaultSingletonBeanRegistry.java:234)
	at org.springframework.beans.factory.support.AbstractBeanFactory.doGetBean(AbstractBeanFactory.java:333)
	at org.springframework.beans.factory.support.AbstractBeanFactory.getBean(AbstractBeanFactory.java:208)
	at org.springframework.beans.factory.support.DefaultListableBeanFactory.preInstantiateSingletons(DefaultListableBeanFactory.java:955)
	at org.springframework.context.support.AbstractApplicationContext.finishBeanFactoryInitialization(AbstractApplicationContext.java:918)
	at org.springframework.context.support.AbstractApplicationContext.refresh(AbstractApplicationContext.java:583)
	at org.springframework.boot.web.servlet.context.ServletWebServerApplicationContext.refresh(ServletWebServerApplicationContext.java:145)
	at org.springframework.boot.SpringApplication.refresh(SpringApplication.java:745)
	at org.springframework.boot.SpringApplication.refreshContext(SpringApplication.java:420)
	at org.springframework.boot.SpringApplication.run(SpringApplication.java:307)
	at org.springframework.boot.SpringApplication.run(SpringApplication.java:1317)
	at org.springframework.boot.SpringApplication.run(SpringApplication.java:1306)
	at com.yintech.job.JobStarter.main(JobStarter.java:19)
	at sun.reflect.NativeMethodAccessorImpl.invoke0(Native Method)
	at sun.reflect.NativeMethodAccessorImpl.invoke(NativeMethodAccessorImpl.java:62)
	at sun.reflect.DelegatingMethodAccessorImpl.invoke(DelegatingMethodAccessorImpl.java:43)
	at java.lang.reflect.Method.invoke(Method.java:498)
	at org.springframework.boot.devtools.restart.RestartLauncher.run(RestartLauncher.java:49)
Caused by: java.lang.IllegalArgumentException: Could not resolve placeholder 'xxl.job.admin.addresses' in value "${xxl.job.admin.addresses}"
	at org.springframework.util.PropertyPlaceholderHelper.parseStringValue(PropertyPlaceholderHelper.java:180)
	at org.springframework.util.PropertyPlaceholderHelper.replacePlaceholders(PropertyPlaceholderHelper.java:126)
	at org.springframework.core.env.AbstractPropertyResolver.doResolvePlaceholders(AbstractPropertyResolver.java:239)
	at org.springframework.core.env.AbstractPropertyResolver.resolveRequiredPlaceholders(AbstractPropertyResolver.java:210)
	at org.springframework.context.support.PropertySourcesPlaceholderConfigurer.lambda$processProperties$0(PropertySourcesPlaceholderConfigurer.java:191)
	at org.springframework.beans.factory.support.AbstractBeanFactory.resolveEmbeddedValue(AbstractBeanFactory.java:936)
	at org.springframework.beans.factory.support.DefaultListableBeanFactory.doResolveDependency(DefaultListableBeanFactory.java:1332)
	at org.springframework.beans.factory.support.DefaultListableBeanFactory.resolveDependency(DefaultListableBeanFactory.java:1311)
	at org.springframework.beans.factory.annotation.AutowiredAnnotationBeanPostProcessor$AutowiredFieldElement.resolveFieldValue(AutowiredAnnotationBeanPostProcessor.java:656)
	at org.springframework.beans.factory.annotation.AutowiredAnnotationBeanPostProcessor$AutowiredFieldElement.inject(AutowiredAnnotationBeanPostProcessor.java:639)
	at org.springframework.beans.factory.annotation.InjectionMetadata.inject(InjectionMetadata.java:119)
	at org.springframework.beans.factory.annotation.AutowiredAnnotationBeanPostProcessor.postProcessProperties(AutowiredAnnotationBeanPostProcessor.java:399)
	... 22 common frames omitted
